TN:
SF:src/menubar/menubar.tsx
FN:20,Menubar
FN:29,(anonymous_1)
FN:30,(anonymous_2)
FN:40,(anonymous_3)
FN:50,(anonymous_4)
FN:61,(anonymous_5)
FN:88,(anonymous_6)
FN:124,(anonymous_7)
FNF:8
FNH:3
FNDA:10,Menubar
FNDA:4,(anonymous_1)
FNDA:0,(anonymous_2)
FNDA:4,(anonymous_3)
FNDA:0,(anonymous_4)
FNDA:0,(anonymous_5)
FNDA:0,(anonymous_6)
FNDA:0,(anonymous_7)
DA:2,2
DA:10,2
DA:11,2
DA:12,2
DA:13,2
DA:14,2
DA:15,2
DA:16,2
DA:17,2
DA:18,2
DA:20,2
DA:22,10
DA:23,10
DA:24,10
DA:25,10
DA:27,10
DA:29,10
DA:30,4
DA:31,0
DA:32,0
DA:34,0
DA:38,4
DA:40,4
DA:41,4
DA:44,10
DA:50,0
DA:61,0
DA:88,0
DA:124,0
LF:29
LH:22
BRDA:31,0,0,0
BRDA:31,0,1,0
BRDA:46,1,0,0
BRDA:46,1,1,10
BRDA:59,2,0,0
BRDA:59,2,1,10
BRDA:60,3,0,10
BRDA:60,3,1,0
BRDA:81,4,0,0
BRDA:81,4,1,10
BRDA:92,5,0,10
BRDA:92,5,1,0
BRDA:107,6,0,0
BRDA:107,6,1,10
BRDA:162,7,0,10
BRDA:162,7,1,0
BRF:16
BRH:7
end_of_record
TN:
SF:src/models/Category.tsx
FN:1,(anonymous_0)
FNF:1
FNH:1
FNDA:1,(anonymous_0)
DA:1,1
DA:2,1
DA:3,1
DA:4,1
DA:5,1
DA:6,1
LF:6
LH:6
BRDA:1,0,0,1
BRDA:1,0,1,1
BRF:2
BRH:2
end_of_record
TN:
SF:src/productsPage/AllProductsPage.tsx
FN:10,AllProductsPage
FN:13,(anonymous_1)
FNF:2
FNH:2
FNDA:9,AllProductsPage
FNDA:3,(anonymous_1)
DA:1,1
DA:2,1
DA:3,1
DA:4,1
DA:5,1
DA:6,1
DA:7,1
DA:8,1
DA:10,1
DA:11,9
DA:12,9
DA:13,9
DA:14,3
DA:17,3
DA:20,9
LF:15
LH:15
BRDA:14,0,0,3
BRF:1
BRH:1
end_of_record
TN:
SF:src/productsPage/productsPage-Components/productsListComponent.tsx
FN:7,ProductListComponent
FN:25,(anonymous_1)
FN:37,ProductDisplay
FN:44,(anonymous_3)
FN:48,(anonymous_4)
FNF:5
FNH:1
FNDA:9,ProductListComponent
FNDA:0,(anonymous_1)
FNDA:0,ProductDisplay
FNDA:0,(anonymous_3)
FNDA:0,(anonymous_4)
DA:2,1
DA:3,1
DA:4,1
DA:5,1
DA:8,9
DA:12,9
DA:26,0
DA:38,0
DA:39,0
DA:40,0
DA:44,0
DA:45,0
DA:46,0
DA:47,0
DA:48,0
DA:49,0
DA:50,0
DA:54,0
DA:69,1
LF:19
LH:7
BRDA:14,0,0,3
BRDA:14,0,1,6
BRDA:16,1,0,0
BRDA:16,1,1,6
BRDA:16,2,0,6
BRDA:16,2,1,0
BRF:6
BRH:4
end_of_record
TN:
SF:src/shopping-cart/shoppingCart-Components/ItemlistComponentForPopOut.tsx
FN:7,ItemListComponent
FN:30,(anonymous_1)
FN:42,ShoppingCartItem
FN:44,(anonymous_3)
FN:47,(anonymous_4)
FN:66,(anonymous_5)
FN:70,(anonymous_6)
FN:73,(anonymous_7)
FNF:8
FNH:1
FNDA:10,ItemListComponent
FNDA:0,(anonymous_1)
FNDA:0,ShoppingCartItem
FNDA:0,(anonymous_3)
FNDA:0,(anonymous_4)
FNDA:0,(anonymous_5)
FNDA:0,(anonymous_6)
FNDA:0,(anonymous_7)
DA:1,2
DA:2,2
DA:4,2
DA:5,2
DA:7,2
DA:8,10
DA:9,10
DA:13,10
DA:31,0
DA:43,0
DA:44,0
DA:45,0
DA:47,0
DA:48,0
DA:50,0
DA:66,0
DA:70,0
DA:73,0
LF:18
LH:8
BRDA:15,0,0,10
BRDA:15,0,1,0
BRF:2
BRH:1
end_of_record
TN:
SF:src/state/cartState/cartContext.tsx
FN:11,(anonymous_0)
FN:33,(anonymous_1)
FN:34,(anonymous_2)
FN:35,(anonymous_3)
FN:36,(anonymous_4)
FN:37,(anonymous_5)
FN:38,(anonymous_6)
FN:39,(anonymous_7)
FN:40,(anonymous_8)
FN:45,(anonymous_9)
FN:49,(anonymous_10)
FN:54,(anonymous_11)
FN:65,(anonymous_12)
FN:70,(anonymous_13)
FN:87,(anonymous_14)
FN:97,(anonymous_15)
FN:98,(anonymous_16)
FN:101,(anonymous_17)
FN:117,(anonymous_18)
FN:122,(anonymous_19)
FN:123,(anonymous_20)
FNF:21
FNH:5
FNDA:3,(anonymous_0)
FNDA:0,(anonymous_1)
FNDA:0,(anonymous_2)
FNDA:0,(anonymous_3)
FNDA:0,(anonymous_4)
FNDA:1,(anonymous_5)
FNDA:0,(anonymous_6)
FNDA:0,(anonymous_7)
FNDA:0,(anonymous_8)
FNDA:3,(anonymous_9)
FNDA:3,(anonymous_10)
FNDA:0,(anonymous_11)
FNDA:0,(anonymous_12)
FNDA:0,(anonymous_13)
FNDA:0,(anonymous_14)
FNDA:9,(anonymous_15)
FNDA:0,(anonymous_16)
FNDA:0,(anonymous_17)
FNDA:0,(anonymous_18)
FNDA:0,(anonymous_19)
FNDA:0,(anonymous_20)
DA:2,2
DA:5,2
DA:7,2
DA:11,2
DA:12,3
DA:13,3
DA:21,2
DA:33,0
DA:34,0
DA:35,0
DA:36,0
DA:37,1
DA:38,0
DA:39,0
DA:40,0
DA:45,2
DA:46,3
DA:49,3
DA:50,3
DA:54,3
DA:55,0
DA:57,0
DA:58,0
DA:62,0
DA:65,3
DA:66,0
DA:67,0
DA:70,3
DA:71,0
DA:73,0
DA:74,0
DA:76,0
DA:77,0
DA:82,0
DA:87,3
DA:88,0
DA:89,0
DA:91,0
DA:93,0
DA:97,3
DA:98,9
DA:101,3
DA:102,0
DA:104,0
DA:105,0
DA:109,0
DA:114,0
DA:117,3
DA:118,0
DA:120,0
DA:122,3
DA:123,0
DA:124,0
DA:125,0
DA:127,0
DA:135,3
LF:56
LH:22
BRDA:15,0,0,2
BRDA:15,0,1,1
BRDA:74,1,0,0
BRDA:76,2,0,0
BRDA:89,3,0,0
BRDA:89,4,0,0
BRDA:89,4,1,0
BRDA:102,5,0,0
BRDA:102,5,1,0
BRDA:104,6,0,0
BRDA:104,6,1,0
BRDA:118,7,0,0
BRDA:118,7,1,0
BRDA:124,8,0,0
BRF:14
BRH:2
end_of_record
TN:
SF:src/state/cartState/cartReducer.tsx
FN:3,(anonymous_0)
FN:9,(anonymous_1)
FN:31,(anonymous_2)
FN:38,(anonymous_3)
FN:40,(anonymous_4)
FNF:5
FNH:0
FNDA:0,(anonymous_0)
FNDA:0,(anonymous_1)
FNDA:0,(anonymous_2)
FNDA:0,(anonymous_3)
FNDA:0,(anonymous_4)
DA:3,2
DA:4,0
DA:6,0
DA:8,0
DA:9,0
DA:10,0
DA:12,0
DA:13,0
DA:17,0
DA:24,0
DA:25,0
DA:30,0
DA:31,0
DA:32,0
DA:35,0
DA:36,0
DA:39,0
DA:40,0
DA:45,0
LF:19
LH:1
BRDA:6,0,0,0
BRDA:6,0,1,0
BRDA:6,0,2,0
BRDA:6,0,3,0
BRDA:10,1,0,0
BRDA:10,1,1,0
BRDA:39,2,0,0
BRDA:39,2,1,0
BRF:8
BRH:0
end_of_record
TN:
SF:src/state/productlistState/productContext.tsx
FN:22,(anonymous_0)
FN:34,(anonymous_1)
FN:37,(anonymous_2)
FN:45,(anonymous_3)
FNF:4
FNH:3
FNDA:0,(anonymous_0)
FNDA:9,(anonymous_1)
FNDA:6,(anonymous_2)
FNDA:3,(anonymous_3)
DA:1,1
DA:3,1
DA:5,1
DA:8,1
DA:16,1
DA:22,0
DA:34,1
DA:35,9
DA:37,9
DA:38,6
DA:40,3
DA:45,9
DA:46,3
DA:47,3
DA:48,3
DA:49,3
DA:51,0
DA:53,3
DA:54,3
DA:57,0
DA:59,0
DA:62,0
DA:63,0
DA:68,3
DA:69,3
DA:80,9
LF:26
LH:20
BRDA:38,0,0,3
BRDA:49,1,0,0
BRDA:57,2,0,0
BRDA:57,2,1,0
BRF:4
BRH:1
end_of_record
TN:
SF:src/state/productlistState/productReducer.tsx
FN:3,(anonymous_0)
FNF:1
FNH:1
FNDA:6,(anonymous_0)
DA:3,1
DA:4,6
DA:6,6
DA:8,3
DA:16,0
DA:23,0
DA:30,3
DA:37,0
LF:8
LH:5
BRDA:6,0,0,3
BRDA:6,0,1,0
BRDA:6,0,2,0
BRDA:6,0,3,3
BRDA:6,0,4,0
BRF:5
BRH:2
end_of_record
TN:
SF:src/state/userState/userContext.tsx
FN:39,(anonymous_0)
FN:40,(anonymous_1)
FN:41,(anonymous_2)
FN:44,(anonymous_3)
FN:48,(anonymous_4)
FN:88,(anonymous_5)
FNF:6
FNH:1
FNDA:0,(anonymous_0)
FNDA:0,(anonymous_1)
FNDA:0,(anonymous_2)
FNDA:1,(anonymous_3)
FNDA:0,(anonymous_4)
FNDA:0,(anonymous_5)
DA:1,1
DA:9,1
DA:12,1
DA:24,1
DA:39,0
DA:44,1
DA:45,1
DA:47,1
DA:49,0
DA:50,0
DA:58,0
DA:59,0
DA:60,0
DA:70,0
DA:76,0
DA:77,0
DA:79,0
DA:81,0
DA:87,1
DA:94,0
DA:95,0
DA:103,0
DA:104,0
DA:105,0
DA:106,0
DA:108,0
DA:114,0
DA:115,0
DA:117,0
DA:119,0
DA:124,1
LF:31
LH:9
BRDA:59,0,0,0
BRDA:59,0,1,0
BRDA:72,1,0,0
BRDA:72,1,1,0
BRDA:77,2,0,0
BRDA:104,3,0,0
BRDA:104,3,1,0
BRDA:110,4,0,0
BRDA:110,4,1,0
BRDA:115,5,0,0
BRF:10
BRH:0
end_of_record
TN:
SF:src/state/userState/userReducer.tsx
FN:3,(anonymous_0)
FNF:1
FNH:0
FNDA:0,(anonymous_0)
DA:3,1
DA:7,0
DA:9,0
DA:11,0
DA:20,0
DA:29,0
DA:38,0
DA:47,0
DA:57,0
LF:9
LH:1
BRDA:9,0,0,0
BRDA:9,0,1,0
BRDA:9,0,2,0
BRDA:9,0,3,0
BRDA:9,0,4,0
BRDA:9,0,5,0
BRF:6
BRH:0
end_of_record
TN:
SF:src/topbar/topBar.tsx
FN:7,Topbar
FNF:1
FNH:1
FNDA:10,Topbar
DA:2,2
DA:3,2
DA:4,2
DA:5,2
DA:7,2
DA:8,10
LF:6
LH:6
BRF:0
BRH:0
end_of_record
TN:
SF:src/userPage/userPage.tsx
FN:8,UserPage
FN:16,handleLogin
FN:22,handleLogout
FN:25,handleSignup
FN:56,(anonymous_4)
FN:64,(anonymous_5)
FN:72,(anonymous_6)
FN:80,(anonymous_7)
FN:86,(anonymous_8)
FN:104,(anonymous_9)
FN:112,(anonymous_10)
FN:121,(anonymous_11)
FNF:12
FNH:1
FNDA:1,UserPage
FNDA:0,handleLogin
FNDA:0,handleLogout
FNDA:0,handleSignup
FNDA:0,(anonymous_4)
FNDA:0,(anonymous_5)
FNDA:0,(anonymous_6)
FNDA:0,(anonymous_7)
FNDA:0,(anonymous_8)
FNDA:0,(anonymous_9)
FNDA:0,(anonymous_10)
FNDA:0,(anonymous_11)
DA:1,1
DA:2,1
DA:3,1
DA:4,1
DA:5,1
DA:6,1
DA:8,1
DA:9,1
DA:10,1
DA:11,1
DA:12,1
DA:13,1
DA:14,1
DA:19,0
DA:20,0
DA:23,0
DA:26,0
DA:27,0
DA:30,1
DA:56,0
DA:64,0
DA:72,0
DA:80,0
DA:86,0
DA:104,0
DA:112,0
DA:121,0
LF:27
LH:14
BRDA:40,0,0,0
BRDA:40,0,1,1
BRDA:47,1,0,0
BRDA:47,1,1,1
BRDA:89,2,0,0
BRDA:89,2,1,0
BRDA:91,3,0,0
BRDA:91,3,1,0
BRDA:125,4,0,0
BRDA:125,4,1,1
BRF:10
BRH:3
end_of_record
